  main.cpp
C:\Users\ivans\OneDrive\Рабочий стол\Lab1\Lab1\main.cpp(9,34): warning C4566: character represented by universal-character-name '\u041D' cannot be represented in the current code page (1252)
C:\Users\ivans\OneDrive\Рабочий стол\Lab1\Lab1\main.cpp(9,34): warning C4566: character represented by universal-character-name '\u0435' cannot be represented in the current code page (1252)
C:\Users\ivans\OneDrive\Рабочий стол\Lab1\Lab1\main.cpp(9,34): warning C4566: character represented by universal-character-name '\u0443' cannot be represented in the current code page (1252)
C:\Users\ivans\OneDrive\Рабочий стол\Lab1\Lab1\main.cpp(9,34): warning C4566: character represented by universal-character-name '\u0434' cannot be represented in the current code page (1252)
C:\Users\ivans\OneDrive\Рабочий стол\Lab1\Lab1\main.cpp(9,34): warning C4566: character represented by universal-character-name '\u0430' cannot be represented in the current code page (1252)
C:\Users\ivans\OneDrive\Рабочий стол\Lab1\Lab1\main.cpp(9,34): warning C4566: character represented by universal-character-name '\u043B' cannot be represented in the current code page (1252)
C:\Users\ivans\OneDrive\Рабочий стол\Lab1\Lab1\main.cpp(9,34): warning C4566: character represented by universal-character-name '\u043E' cannot be represented in the current code page (1252)
C:\Users\ivans\OneDrive\Рабочий стол\Lab1\Lab1\main.cpp(9,34): warning C4566: character represented by universal-character-name '\u0441' cannot be represented in the current code page (1252)
C:\Users\ivans\OneDrive\Рабочий стол\Lab1\Lab1\main.cpp(9,34): warning C4566: character represented by universal-character-name '\u044C' cannot be represented in the current code page (1252)
C:\Users\ivans\OneDrive\Рабочий стол\Lab1\Lab1\main.cpp(9,34): warning C4566: character represented by universal-character-name '\u0442' cannot be represented in the current code page (1252)
C:\Users\ivans\OneDrive\Рабочий стол\Lab1\Lab1\main.cpp(9,34): warning C4566: character represented by universal-character-name '\u043A' cannot be represented in the current code page (1252)
C:\Users\ivans\OneDrive\Рабочий стол\Lab1\Lab1\main.cpp(9,34): warning C4566: character represented by universal-character-name '\u0440' cannot be represented in the current code page (1252)
C:\Users\ivans\OneDrive\Рабочий стол\Lab1\Lab1\main.cpp(9,34): warning C4566: character represented by universal-character-name '\u044B' cannot be represented in the current code page (1252)
C:\Users\ivans\OneDrive\Рабочий стол\Lab1\Lab1\main.cpp(9,34): warning C4566: character represented by universal-character-name '\u0444' cannot be represented in the current code page (1252)
C:\Users\ivans\OneDrive\Рабочий стол\Lab1\Lab1\main.cpp(9,34): warning C4566: character represented by universal-character-name '\u0439' cannot be represented in the current code page (1252)
C:\Users\ivans\OneDrive\Рабочий стол\Lab1\Lab1\main.cpp(15,12): warning C4566: character represented by universal-character-name '\u041E' cannot be represented in the current code page (1252)
C:\Users\ivans\OneDrive\Рабочий стол\Lab1\Lab1\main.cpp(15,12): warning C4566: character represented by universal-character-name '\u0442' cannot be represented in the current code page (1252)
C:\Users\ivans\OneDrive\Рабочий стол\Lab1\Lab1\main.cpp(15,12): warning C4566: character represented by universal-character-name '\u043A' cannot be represented in the current code page (1252)
C:\Users\ivans\OneDrive\Рабочий стол\Lab1\Lab1\main.cpp(15,12): warning C4566: character represented by universal-character-name '\u043B' cannot be represented in the current code page (1252)
C:\Users\ivans\OneDrive\Рабочий стол\Lab1\Lab1\main.cpp(15,12): warning C4566: character represented by universal-character-name '\u043E' cannot be represented in the current code page (1252)
C:\Users\ivans\OneDrive\Рабочий стол\Lab1\Lab1\main.cpp(15,12): warning C4566: character represented by universal-character-name '\u043D' cannot be represented in the current code page (1252)
C:\Users\ivans\OneDrive\Рабочий стол\Lab1\Lab1\main.cpp(15,12): warning C4566: character represented by universal-character-name '\u0435' cannot be represented in the current code page (1252)
C:\Users\ivans\OneDrive\Рабочий стол\Lab1\Lab1\main.cpp(15,12): warning C4566: character represented by universal-character-name '\u0438' cannot be represented in the current code page (1252)
C:\Users\ivans\OneDrive\Рабочий стол\Lab1\Lab1\main.cpp(15,12): warning C4566: character represented by universal-character-name '\u0432' cannot be represented in the current code page (1252)
C:\Users\ivans\OneDrive\Рабочий стол\Lab1\Lab1\main.cpp(15,12): warning C4566: character represented by universal-character-name '\u0430' cannot be represented in the current code page (1252)
C:\Users\ivans\OneDrive\Рабочий стол\Lab1\Lab1\main.cpp(15,12): warning C4566: character represented by universal-character-name '\u0434' cannot be represented in the current code page (1252)
C:\Users\ivans\OneDrive\Рабочий стол\Lab1\Lab1\main.cpp(15,12): warning C4566: character represented by universal-character-name '\u0440' cannot be represented in the current code page (1252)
C:\Users\ivans\OneDrive\Рабочий стол\Lab1\Lab1\main.cpp(15,12): warning C4566: character represented by universal-character-name '\u044F' cannot be represented in the current code page (1252)
C:\Users\ivans\OneDrive\Рабочий стол\Lab1\Lab1\main.cpp(50,22): warning C4566: character represented by universal-character-name '\u041E' cannot be represented in the current code page (1252)
C:\Users\ivans\OneDrive\Рабочий стол\Lab1\Lab1\main.cpp(50,22): warning C4566: character represented by universal-character-name '\u0448' cannot be represented in the current code page (1252)
C:\Users\ivans\OneDrive\Рабочий стол\Lab1\Lab1\main.cpp(50,22): warning C4566: character represented by universal-character-name '\u0438' cannot be represented in the current code page (1252)
C:\Users\ivans\OneDrive\Рабочий стол\Lab1\Lab1\main.cpp(50,22): warning C4566: character represented by universal-character-name '\u0431' cannot be represented in the current code page (1252)
C:\Users\ivans\OneDrive\Рабочий стол\Lab1\Lab1\main.cpp(50,22): warning C4566: character represented by universal-character-name '\u043A' cannot be represented in the current code page (1252)
C:\Users\ivans\OneDrive\Рабочий стол\Lab1\Lab1\main.cpp(50,22): warning C4566: character represented by universal-character-name '\u0430' cannot be represented in the current code page (1252)
  Lab1.vcxproj -> C:\Users\ivans\OneDrive\Рабочий стол\Lab1\x64\Debug\Lab1.exe
